<?xml version="1.0" encoding="UTF-8"?>
<testsuite name="com.donada.dataweave.DataweaveApplicationTests" tests="1" skipped="0" failures="0" errors="0" timestamp="2026-04-20T02:18:57.791Z" hostname="H6YTGP16VP" time="0.942">
  <properties/>
  <testcase name="contextLoads()" classname="com.donada.dataweave.DataweaveApplicationTests" time="0.341"/>
  <system-out><![CDATA[23:18:57.854 [Test worker] INFO org.springframework.test.context.support.AnnotationConfigContextLoaderUtils -- Could not detect default configuration classes for test class [com.donada.dataweave.DataweaveApplicationTests]: DataweaveApplicationTests does not declare any static, non-private, non-final, nested classes annotated with @Configuration.
23:18:57.894 [Test worker] INFO org.springframework.boot.test.context.SpringBootTestContextBootstrapper -- Found @SpringBootConfiguration com.donada.dataweave.DataweaveApplication for test class com.donada.dataweave.DataweaveApplicationTests
23:18:57.921 [Test worker] INFO org.springframework.test.context.support.AnnotationConfigContextLoaderUtils -- Could not detect default configuration classes for test class [com.donada.dataweave.DataweaveApplicationTests]: DataweaveApplicationTests does not declare any static, non-private, non-final, nested classes annotated with @Configuration.
23:18:57.922 [Test worker] INFO org.springframework.boot.test.context.SpringBootTestContextBootstrapper -- Found @SpringBootConfiguration com.donada.dataweave.DataweaveApplication for test class com.donada.dataweave.DataweaveApplicationTests

  .   ____          _            __ _ _
 /\\ / ___'_ __ _ _(_)_ __  __ _ \ \ \ \
( ( )\___ | '_ | '_| | '_ \/ _` | \ \ \ \
 \\/  ___)| |_)| | | | | || (_| |  ) ) ) )
  '  |____| .__|_| |_|_| |_\__, | / / / /
 =========|_|==============|___/=/_/_/_/

 :: Spring Boot ::                (v4.0.5)

2026-04-19T23:18:58.017-03:00  INFO 46218 --- [dataweave] [    Test worker] c.d.dataweave.DataweaveApplicationTests  : Starting DataweaveApplicationTests using Java 21.0.4 with PID 46218 (started by i518630 in /Users/i518630/Documents/dataweave)
2026-04-19T23:18:58.018-03:00  INFO 46218 --- [dataweave] [    Test worker] c.d.dataweave.DataweaveApplicationTests  : No active profile set, falling back to 1 default profile: "default"
2026-04-19T23:18:58.387-03:00  INFO 46218 --- [dataweave] [    Test worker] c.d.dataweave.DataweaveApplicationTests  : Started DataweaveApplicationTests in 0.443 seconds (process running for 0.939)
]]></system-out>
  <system-err><![CDATA[Mockito is currently self-attaching to enable the inline-mock-maker. This will no longer work in future releases of the JDK. Please add Mockito as an agent to your build as described in Mockito's documentation: https://javadoc.io/doc/org.mockito/mockito-core/latest/org.mockito/org/mockito/Mockito.html#0.3
WARNING: A Java agent has been loaded dynamically (/Users/i518630/.gradle/caches/modules-2/files-2.1/net.bytebuddy/byte-buddy-agent/1.17.8/f09415827a71be7ed621c7bd02550678f28bc81c/byte-buddy-agent-1.17.8.jar)
WARNING: If a serviceability tool is in use, please run with -XX:+EnableDynamicAgentLoading to hide this warning
WARNING: If a serviceability tool is not in use, please run with -Djdk.instrument.traceUsage for more information
WARNING: Dynamic loading of agents will be disallowed by default in a future release
]]></system-err>
</testsuite>
